<?xml version="1.0" ?>
<!DOCTYPE coverage SYSTEM "http://cobertura.sourceforge.net/xml/coverage-04.dtd">
<coverage lines-valid="13" lines-covered="12" line-rate="0.9229999999999999" branches-valid="4" branches-covered="2" branch-rate="0.5" timestamp="1698087111467" complexity="0" version="0.1">
  <sources>
    <source>D:\React\ocap-fe</source>
  </sources>
  <packages>
    <package name="main" line-rate="0.9229999999999999" branch-rate="0.5">
      <classes>
        <class name="CarDisplay.jsx" filename="src\components\cars\CarDisplay.jsx" line-rate="1" branch-rate="1">
          <methods>
          </methods>
          <lines>
          </lines>
        </class>
        <class name="CarForm.jsx" filename="src\components\cars\CarForm.jsx" line-rate="0.9229999999999999" branch-rate="0.5">
          <methods>
            <method name="CarForm" hits="13" signature="()V">
              <lines>
                <line number="23" hits="13"/>
              </lines>
            </method>
            <method name="(anonymous_1)" hits="6" signature="()V">
              <lines>
                <line number="27" hits="6"/>
              </lines>
            </method>
          </methods>
          <lines>
            <line number="25" hits="13" branch="false"/>
            <line number="27" hits="12" branch="false"/>
            <line number="28" hits="6" branch="false"/>
            <line number="29" hits="6" branch="false"/>
            <line number="31" hits="6" branch="true" condition-coverage="50% (1/2)"/>
            <line number="32" hits="0" branch="false"/>
            <line number="35" hits="6" branch="false"/>
            <line number="37" hits="6" branch="false"/>
            <line number="38" hits="6" branch="true" condition-coverage="50% (1/2)"/>
            <line number="39" hits="6" branch="false"/>
            <line number="42" hits="6" branch="false"/>
            <line number="47" hits="12" branch="false"/>
            <line number="136" hits="1" branch="false"/>
          </lines>
        </class>
      </classes>
    </package>
  </packages>
</coverage>
